{"/Users/ronnie/Workspace/employed/controllers/employee.controller.js": {"path":"/Users/ronnie/Workspace/employed/controllers/employee.controller.js","statementMap":{"0":{"start":{"line":1,"column":22},"end":{"line":1,"column":57}},"1":{"start":{"line":2,"column":12},"end":{"line":2,"column":32}},"2":{"start":{"line":3,"column":15},"end":{"line":3,"column":32}},"3":{"start":{"line":4,"column":12},"end":{"line":4,"column":35}},"4":{"start":{"line":6,"column":20},"end":{"line":6,"column":22}},"5":{"start":{"line":8,"column":15},"end":{"line":14,"column":2}},"6":{"start":{"line":16,"column":23},"end":{"line":38,"column":1}},"7":{"start":{"line":17,"column":2},"end":{"line":37,"column":3}},"8":{"start":{"line":18,"column":21},"end":{"line":18,"column":46}},"9":{"start":{"line":19,"column":4},"end":{"line":21,"column":5}},"10":{"start":{"line":20,"column":6},"end":{"line":20,"column":50}},"11":{"start":{"line":22,"column":24},"end":{"line":24,"column":6}},"12":{"start":{"line":25,"column":4},"end":{"line":27,"column":5}},"13":{"start":{"line":26,"column":6},"end":{"line":26,"column":92}},"14":{"start":{"line":29,"column":17},"end":{"line":29,"column":50}},"15":{"start":{"line":30,"column":30},"end":{"line":30,"column":72}},"16":{"start":{"line":31,"column":4},"end":{"line":31,"column":42}},"17":{"start":{"line":32,"column":21},"end":{"line":32,"column":57}},"18":{"start":{"line":33,"column":4},"end":{"line":33,"column":35}},"19":{"start":{"line":35,"column":4},"end":{"line":35,"column":23}},"20":{"start":{"line":36,"column":4},"end":{"line":36,"column":31}},"21":{"start":{"line":40,"column":24},"end":{"line":51,"column":1}},"22":{"start":{"line":41,"column":2},"end":{"line":50,"column":3}},"23":{"start":{"line":42,"column":22},"end":{"line":42,"column":50}},"24":{"start":{"line":43,"column":4},"end":{"line":47,"column":5}},"25":{"start":{"line":44,"column":6},"end":{"line":44,"column":38}},"26":{"start":{"line":46,"column":6},"end":{"line":46,"column":29}},"27":{"start":{"line":49,"column":4},"end":{"line":49,"column":32}},"28":{"start":{"line":53,"column":24},"end":{"line":64,"column":1}},"29":{"start":{"line":54,"column":2},"end":{"line":63,"column":3}},"30":{"start":{"line":55,"column":21},"end":{"line":55,"column":64}},"31":{"start":{"line":56,"column":4},"end":{"line":60,"column":5}},"32":{"start":{"line":57,"column":6},"end":{"line":57,"column":37}},"33":{"start":{"line":59,"column":6},"end":{"line":59,"column":29}},"34":{"start":{"line":62,"column":4},"end":{"line":62,"column":32}},"35":{"start":{"line":66,"column":27},"end":{"line":84,"column":1}},"36":{"start":{"line":67,"column":2},"end":{"line":83,"column":3}},"37":{"start":{"line":68,"column":21},"end":{"line":74,"column":5}},"38":{"start":{"line":75,"column":4},"end":{"line":79,"column":5}},"39":{"start":{"line":76,"column":6},"end":{"line":76,"column":37}},"40":{"start":{"line":78,"column":6},"end":{"line":78,"column":31}},"41":{"start":{"line":82,"column":4},"end":{"line":82,"column":32}},"42":{"start":{"line":86,"column":27},"end":{"line":97,"column":1}},"43":{"start":{"line":87,"column":2},"end":{"line":96,"column":3}},"44":{"start":{"line":88,"column":20},"end":{"line":88,"column":72}},"45":{"start":{"line":89,"column":4},"end":{"line":93,"column":5}},"46":{"start":{"line":90,"column":6},"end":{"line":90,"column":36}},"47":{"start":{"line":92,"column":6},"end":{"line":92,"column":45}},"48":{"start":{"line":95,"column":4},"end":{"line":95,"column":32}},"49":{"start":{"line":99,"column":22},"end":{"line":124,"column":1}},"50":{"start":{"line":100,"column":2},"end":{"line":123,"column":3}},"51":{"start":{"line":101,"column":21},"end":{"line":101,"column":46}},"52":{"start":{"line":102,"column":4},"end":{"line":104,"column":5}},"53":{"start":{"line":103,"column":6},"end":{"line":103,"column":50}},"54":{"start":{"line":105,"column":21},"end":{"line":107,"column":6}},"55":{"start":{"line":108,"column":4},"end":{"line":110,"column":5}},"56":{"start":{"line":109,"column":6},"end":{"line":109,"column":92}},"57":{"start":{"line":112,"column":26},"end":{"line":112,"column":84}},"58":{"start":{"line":113,"column":4},"end":{"line":115,"column":5}},"59":{"start":{"line":114,"column":6},"end":{"line":114,"column":88}},"60":{"start":{"line":116,"column":18},"end":{"line":118,"column":51}},"61":{"start":{"line":119,"column":4},"end":{"line":119,"column":36}},"62":{"start":{"line":120,"column":4},"end":{"line":120,"column":35}},"63":{"start":{"line":122,"column":4},"end":{"line":122,"column":32}},"64":{"start":{"line":126,"column":0},"end":{"line":133,"column":2}}},"fnMap":{"0":{"name":"(anonymous_0)","decl":{"start":{"line":16,"column":23},"end":{"line":16,"column":24}},"loc":{"start":{"line":16,"column":49},"end":{"line":38,"column":1}},"line":16},"1":{"name":"(anonymous_1)","decl":{"start":{"line":40,"column":24},"end":{"line":40,"column":25}},"loc":{"start":{"line":40,"column":50},"end":{"line":51,"column":1}},"line":40},"2":{"name":"(anonymous_2)","decl":{"start":{"line":53,"column":24},"end":{"line":53,"column":25}},"loc":{"start":{"line":53,"column":50},"end":{"line":64,"column":1}},"line":53},"3":{"name":"(anonymous_3)","decl":{"start":{"line":66,"column":27},"end":{"line":66,"column":28}},"loc":{"start":{"line":66,"column":53},"end":{"line":84,"column":1}},"line":66},"4":{"name":"(anonymous_4)","decl":{"start":{"line":86,"column":27},"end":{"line":86,"column":28}},"loc":{"start":{"line":86,"column":53},"end":{"line":97,"column":1}},"line":86},"5":{"name":"(anonymous_5)","decl":{"start":{"line":99,"column":22},"end":{"line":99,"column":23}},"loc":{"start":{"line":99,"column":48},"end":{"line":124,"column":1}},"line":99}},"branchMap":{"0":{"loc":{"start":{"line":19,"column":4},"end":{"line":21,"column":5}},"type":"if","locations":[{"start":{"line":19,"column":4},"end":{"line":21,"column":5}},{"start":{"line":19,"column":4},"end":{"line":21,"column":5}}],"line":19},"1":{"loc":{"start":{"line":25,"column":4},"end":{"line":27,"column":5}},"type":"if","locations":[{"start":{"line":25,"column":4},"end":{"line":27,"column":5}},{"start":{"line":25,"column":4},"end":{"line":27,"column":5}}],"line":25},"2":{"loc":{"start":{"line":43,"column":4},"end":{"line":47,"column":5}},"type":"if","locations":[{"start":{"line":43,"column":4},"end":{"line":47,"column":5}},{"start":{"line":43,"column":4},"end":{"line":47,"column":5}}],"line":43},"3":{"loc":{"start":{"line":43,"column":8},"end":{"line":43,"column":37}},"type":"binary-expr","locations":[{"start":{"line":43,"column":8},"end":{"line":43,"column":17}},{"start":{"line":43,"column":21},"end":{"line":43,"column":37}}],"line":43},"4":{"loc":{"start":{"line":56,"column":4},"end":{"line":60,"column":5}},"type":"if","locations":[{"start":{"line":56,"column":4},"end":{"line":60,"column":5}},{"start":{"line":56,"column":4},"end":{"line":60,"column":5}}],"line":56},"5":{"loc":{"start":{"line":75,"column":4},"end":{"line":79,"column":5}},"type":"if","locations":[{"start":{"line":75,"column":4},"end":{"line":79,"column":5}},{"start":{"line":75,"column":4},"end":{"line":79,"column":5}}],"line":75},"6":{"loc":{"start":{"line":89,"column":4},"end":{"line":93,"column":5}},"type":"if","locations":[{"start":{"line":89,"column":4},"end":{"line":93,"column":5}},{"start":{"line":89,"column":4},"end":{"line":93,"column":5}}],"line":89},"7":{"loc":{"start":{"line":102,"column":4},"end":{"line":104,"column":5}},"type":"if","locations":[{"start":{"line":102,"column":4},"end":{"line":104,"column":5}},{"start":{"line":102,"column":4},"end":{"line":104,"column":5}}],"line":102},"8":{"loc":{"start":{"line":108,"column":4},"end":{"line":110,"column":5}},"type":"if","locations":[{"start":{"line":108,"column":4},"end":{"line":110,"column":5}},{"start":{"line":108,"column":4},"end":{"line":110,"column":5}}],"line":108},"9":{"loc":{"start":{"line":113,"column":4},"end":{"line":115,"column":5}},"type":"if","locations":[{"start":{"line":113,"column":4},"end":{"line":115,"column":5}},{"start":{"line":113,"column":4},"end":{"line":115,"column":5}}],"line":113}},"s":{"0":6,"1":6,"2":6,"3":6,"4":6,"5":6,"6":6,"7":3,"8":3,"9":3,"10":0,"11":3,"12":3,"13":1,"14":2,"15":2,"16":2,"17":2,"18":1,"19":1,"20":1,"21":6,"22":3,"23":3,"24":2,"25":1,"26":1,"27":1,"28":6,"29":3,"30":3,"31":2,"32":1,"33":1,"34":1,"35":6,"36":3,"37":3,"38":2,"39":1,"40":1,"41":1,"42":6,"43":3,"44":3,"45":2,"46":1,"47":1,"48":1,"49":6,"50":4,"51":4,"52":4,"53":0,"54":4,"55":4,"56":1,"57":3,"58":2,"59":0,"60":2,"61":1,"62":1,"63":2,"64":6},"f":{"0":3,"1":3,"2":3,"3":3,"4":3,"5":4},"b":{"0":[0,3],"1":[1,2],"2":[1,1],"3":[2,1],"4":[1,1],"5":[1,1],"6":[1,1],"7":[0,4],"8":[1,3],"9":[0,2]},"_coverageSchema":"1a1c01bbd47fc00a2c39e90264f33305004495a9","hash":"78dfc0319e9fa1c54314459da596218c71322b4f"}
,"/Users/ronnie/Workspace/employed/models/employee.model.js": {"path":"/Users/ronnie/Workspace/employed/models/employee.model.js","statementMap":{"0":{"start":{"line":1,"column":17},"end":{"line":1,"column":36}},"1":{"start":{"line":4,"column":20},"end":{"line":29,"column":2}},"2":{"start":{"line":31,"column":0},"end":{"line":31,"column":25}},"3":{"start":{"line":32,"column":22},"end":{"line":32,"column":87}},"4":{"start":{"line":34,"column":0},"end":{"line":34,"column":31}}},"fnMap":{},"branchMap":{},"s":{"0":6,"1":6,"2":6,"3":6,"4":6},"f":{},"b":{},"_coverageSchema":"1a1c01bbd47fc00a2c39e90264f33305004495a9","hash":"d4979837783564874d3428ec4b0469256681ea54"}
}
