{"/Users/ronnie/Workspace/employed/app.js": {"path":"/Users/ronnie/Workspace/employed/app.js","statementMap":{"0":{"start":{"line":1,"column":0},"end":{"line":1,"column":27}},"1":{"start":{"line":2,"column":16},"end":{"line":2,"column":34}},"2":{"start":{"line":4,"column":18},"end":{"line":4,"column":37}},"3":{"start":{"line":6,"column":12},"end":{"line":6,"column":21}},"4":{"start":{"line":8,"column":0},"end":{"line":8,"column":24}},"5":{"start":{"line":10,"column":0},"end":{"line":10,"column":27}},"6":{"start":{"line":12,"column":0},"end":{"line":14,"column":3}},"7":{"start":{"line":13,"column":2},"end":{"line":13,"column":42}},"8":{"start":{"line":16,"column":0},"end":{"line":16,"column":21}}},"fnMap":{"0":{"name":"(anonymous_0)","decl":{"start":{"line":12,"column":13},"end":{"line":12,"column":14}},"loc":{"start":{"line":12,"column":27},"end":{"line":14,"column":1}},"line":12}},"branchMap":{},"s":{"0":3,"1":3,"2":3,"3":3,"4":3,"5":3,"6":3,"7":1,"8":3},"f":{"0":1},"b":{},"_coverageSchema":"1a1c01bbd47fc00a2c39e90264f33305004495a9","hash":"3d52c075a0d46b07103c31cd5eb5ba222661374c"}
,"/Users/ronnie/Workspace/employed/controllers/employee.controller.js": {"path":"/Users/ronnie/Workspace/employed/controllers/employee.controller.js","statementMap":{"0":{"start":{"line":1,"column":22},"end":{"line":1,"column":57}},"1":{"start":{"line":2,"column":12},"end":{"line":2,"column":32}},"2":{"start":{"line":3,"column":15},"end":{"line":3,"column":32}},"3":{"start":{"line":4,"column":12},"end":{"line":4,"column":35}},"4":{"start":{"line":6,"column":20},"end":{"line":6,"column":22}},"5":{"start":{"line":8,"column":15},"end":{"line":14,"column":2}},"6":{"start":{"line":16,"column":23},"end":{"line":38,"column":1}},"7":{"start":{"line":17,"column":2},"end":{"line":37,"column":3}},"8":{"start":{"line":18,"column":21},"end":{"line":18,"column":46}},"9":{"start":{"line":19,"column":4},"end":{"line":21,"column":5}},"10":{"start":{"line":20,"column":6},"end":{"line":20,"column":50}},"11":{"start":{"line":22,"column":24},"end":{"line":24,"column":6}},"12":{"start":{"line":25,"column":4},"end":{"line":27,"column":5}},"13":{"start":{"line":26,"column":6},"end":{"line":26,"column":92}},"14":{"start":{"line":29,"column":17},"end":{"line":29,"column":50}},"15":{"start":{"line":30,"column":30},"end":{"line":30,"column":72}},"16":{"start":{"line":31,"column":4},"end":{"line":31,"column":42}},"17":{"start":{"line":32,"column":21},"end":{"line":32,"column":57}},"18":{"start":{"line":33,"column":4},"end":{"line":33,"column":35}},"19":{"start":{"line":35,"column":4},"end":{"line":35,"column":23}},"20":{"start":{"line":36,"column":4},"end":{"line":36,"column":31}},"21":{"start":{"line":40,"column":24},"end":{"line":51,"column":1}},"22":{"start":{"line":41,"column":2},"end":{"line":50,"column":3}},"23":{"start":{"line":42,"column":22},"end":{"line":42,"column":50}},"24":{"start":{"line":43,"column":4},"end":{"line":47,"column":5}},"25":{"start":{"line":44,"column":6},"end":{"line":44,"column":38}},"26":{"start":{"line":46,"column":6},"end":{"line":46,"column":29}},"27":{"start":{"line":49,"column":4},"end":{"line":49,"column":32}},"28":{"start":{"line":53,"column":24},"end":{"line":64,"column":1}},"29":{"start":{"line":54,"column":2},"end":{"line":63,"column":3}},"30":{"start":{"line":55,"column":21},"end":{"line":55,"column":64}},"31":{"start":{"line":56,"column":4},"end":{"line":60,"column":5}},"32":{"start":{"line":57,"column":6},"end":{"line":57,"column":37}},"33":{"start":{"line":59,"column":6},"end":{"line":59,"column":29}},"34":{"start":{"line":62,"column":4},"end":{"line":62,"column":32}},"35":{"start":{"line":66,"column":27},"end":{"line":84,"column":1}},"36":{"start":{"line":67,"column":2},"end":{"line":83,"column":3}},"37":{"start":{"line":68,"column":21},"end":{"line":74,"column":5}},"38":{"start":{"line":75,"column":4},"end":{"line":79,"column":5}},"39":{"start":{"line":76,"column":6},"end":{"line":76,"column":37}},"40":{"start":{"line":78,"column":6},"end":{"line":78,"column":31}},"41":{"start":{"line":82,"column":4},"end":{"line":82,"column":32}},"42":{"start":{"line":86,"column":27},"end":{"line":97,"column":1}},"43":{"start":{"line":87,"column":2},"end":{"line":96,"column":3}},"44":{"start":{"line":88,"column":20},"end":{"line":88,"column":72}},"45":{"start":{"line":89,"column":4},"end":{"line":93,"column":5}},"46":{"start":{"line":90,"column":6},"end":{"line":90,"column":36}},"47":{"start":{"line":92,"column":6},"end":{"line":92,"column":45}},"48":{"start":{"line":95,"column":4},"end":{"line":95,"column":32}},"49":{"start":{"line":99,"column":22},"end":{"line":124,"column":1}},"50":{"start":{"line":100,"column":2},"end":{"line":123,"column":3}},"51":{"start":{"line":101,"column":21},"end":{"line":101,"column":46}},"52":{"start":{"line":102,"column":4},"end":{"line":104,"column":5}},"53":{"start":{"line":103,"column":6},"end":{"line":103,"column":50}},"54":{"start":{"line":105,"column":21},"end":{"line":107,"column":6}},"55":{"start":{"line":108,"column":4},"end":{"line":110,"column":5}},"56":{"start":{"line":109,"column":6},"end":{"line":109,"column":92}},"57":{"start":{"line":112,"column":26},"end":{"line":112,"column":84}},"58":{"start":{"line":113,"column":4},"end":{"line":115,"column":5}},"59":{"start":{"line":114,"column":6},"end":{"line":114,"column":88}},"60":{"start":{"line":116,"column":18},"end":{"line":118,"column":51}},"61":{"start":{"line":119,"column":4},"end":{"line":119,"column":36}},"62":{"start":{"line":120,"column":4},"end":{"line":120,"column":35}},"63":{"start":{"line":122,"column":4},"end":{"line":122,"column":32}},"64":{"start":{"line":126,"column":0},"end":{"line":133,"column":2}}},"fnMap":{"0":{"name":"(anonymous_0)","decl":{"start":{"line":16,"column":23},"end":{"line":16,"column":24}},"loc":{"start":{"line":16,"column":49},"end":{"line":38,"column":1}},"line":16},"1":{"name":"(anonymous_1)","decl":{"start":{"line":40,"column":24},"end":{"line":40,"column":25}},"loc":{"start":{"line":40,"column":50},"end":{"line":51,"column":1}},"line":40},"2":{"name":"(anonymous_2)","decl":{"start":{"line":53,"column":24},"end":{"line":53,"column":25}},"loc":{"start":{"line":53,"column":50},"end":{"line":64,"column":1}},"line":53},"3":{"name":"(anonymous_3)","decl":{"start":{"line":66,"column":27},"end":{"line":66,"column":28}},"loc":{"start":{"line":66,"column":53},"end":{"line":84,"column":1}},"line":66},"4":{"name":"(anonymous_4)","decl":{"start":{"line":86,"column":27},"end":{"line":86,"column":28}},"loc":{"start":{"line":86,"column":53},"end":{"line":97,"column":1}},"line":86},"5":{"name":"(anonymous_5)","decl":{"start":{"line":99,"column":22},"end":{"line":99,"column":23}},"loc":{"start":{"line":99,"column":48},"end":{"line":124,"column":1}},"line":99}},"branchMap":{"0":{"loc":{"start":{"line":19,"column":4},"end":{"line":21,"column":5}},"type":"if","locations":[{"start":{"line":19,"column":4},"end":{"line":21,"column":5}},{"start":{"line":19,"column":4},"end":{"line":21,"column":5}}],"line":19},"1":{"loc":{"start":{"line":25,"column":4},"end":{"line":27,"column":5}},"type":"if","locations":[{"start":{"line":25,"column":4},"end":{"line":27,"column":5}},{"start":{"line":25,"column":4},"end":{"line":27,"column":5}}],"line":25},"2":{"loc":{"start":{"line":43,"column":4},"end":{"line":47,"column":5}},"type":"if","locations":[{"start":{"line":43,"column":4},"end":{"line":47,"column":5}},{"start":{"line":43,"column":4},"end":{"line":47,"column":5}}],"line":43},"3":{"loc":{"start":{"line":43,"column":8},"end":{"line":43,"column":37}},"type":"binary-expr","locations":[{"start":{"line":43,"column":8},"end":{"line":43,"column":17}},{"start":{"line":43,"column":21},"end":{"line":43,"column":37}}],"line":43},"4":{"loc":{"start":{"line":56,"column":4},"end":{"line":60,"column":5}},"type":"if","locations":[{"start":{"line":56,"column":4},"end":{"line":60,"column":5}},{"start":{"line":56,"column":4},"end":{"line":60,"column":5}}],"line":56},"5":{"loc":{"start":{"line":75,"column":4},"end":{"line":79,"column":5}},"type":"if","locations":[{"start":{"line":75,"column":4},"end":{"line":79,"column":5}},{"start":{"line":75,"column":4},"end":{"line":79,"column":5}}],"line":75},"6":{"loc":{"start":{"line":89,"column":4},"end":{"line":93,"column":5}},"type":"if","locations":[{"start":{"line":89,"column":4},"end":{"line":93,"column":5}},{"start":{"line":89,"column":4},"end":{"line":93,"column":5}}],"line":89},"7":{"loc":{"start":{"line":102,"column":4},"end":{"line":104,"column":5}},"type":"if","locations":[{"start":{"line":102,"column":4},"end":{"line":104,"column":5}},{"start":{"line":102,"column":4},"end":{"line":104,"column":5}}],"line":102},"8":{"loc":{"start":{"line":108,"column":4},"end":{"line":110,"column":5}},"type":"if","locations":[{"start":{"line":108,"column":4},"end":{"line":110,"column":5}},{"start":{"line":108,"column":4},"end":{"line":110,"column":5}}],"line":108},"9":{"loc":{"start":{"line":113,"column":4},"end":{"line":115,"column":5}},"type":"if","locations":[{"start":{"line":113,"column":4},"end":{"line":115,"column":5}},{"start":{"line":113,"column":4},"end":{"line":115,"column":5}}],"line":113}},"s":{"0":3,"1":3,"2":3,"3":3,"4":3,"5":3,"6":3,"7":6,"8":6,"9":6,"10":0,"11":6,"12":6,"13":0,"14":6,"15":6,"16":6,"17":6,"18":6,"19":0,"20":0,"21":3,"22":1,"23":1,"24":1,"25":1,"26":0,"27":0,"28":3,"29":3,"30":3,"31":3,"32":2,"33":1,"34":0,"35":3,"36":1,"37":1,"38":1,"39":1,"40":0,"41":0,"42":3,"43":2,"44":2,"45":2,"46":1,"47":1,"48":0,"49":3,"50":3,"51":3,"52":3,"53":0,"54":3,"55":3,"56":0,"57":3,"58":3,"59":1,"60":2,"61":2,"62":2,"63":0,"64":3},"f":{"0":6,"1":1,"2":3,"3":1,"4":2,"5":3},"b":{"0":[0,6],"1":[0,6],"2":[1,0],"3":[1,1],"4":[2,1],"5":[1,0],"6":[1,1],"7":[0,3],"8":[0,3],"9":[1,2]},"_coverageSchema":"1a1c01bbd47fc00a2c39e90264f33305004495a9","hash":"78dfc0319e9fa1c54314459da596218c71322b4f"}
,"/Users/ronnie/Workspace/employed/models/employee.model.js": {"path":"/Users/ronnie/Workspace/employed/models/employee.model.js","statementMap":{"0":{"start":{"line":1,"column":17},"end":{"line":1,"column":36}},"1":{"start":{"line":4,"column":20},"end":{"line":29,"column":2}},"2":{"start":{"line":31,"column":0},"end":{"line":31,"column":25}},"3":{"start":{"line":32,"column":22},"end":{"line":32,"column":87}},"4":{"start":{"line":34,"column":0},"end":{"line":34,"column":31}}},"fnMap":{},"branchMap":{},"s":{"0":3,"1":3,"2":3,"3":3,"4":3},"f":{},"b":{},"_coverageSchema":"1a1c01bbd47fc00a2c39e90264f33305004495a9","hash":"d4979837783564874d3428ec4b0469256681ea54"}
,"/Users/ronnie/Workspace/employed/mongodb/mongodb.utils.js": {"path":"/Users/ronnie/Workspace/employed/mongodb/mongodb.utils.js","statementMap":{"0":{"start":{"line":1,"column":17},"end":{"line":1,"column":36}},"1":{"start":{"line":3,"column":12},"end":{"line":3,"column":33}},"2":{"start":{"line":5,"column":16},"end":{"line":12,"column":1}},"3":{"start":{"line":6,"column":2},"end":{"line":11,"column":3}},"4":{"start":{"line":7,"column":4},"end":{"line":7,"column":85}},"5":{"start":{"line":9,"column":4},"end":{"line":9,"column":23}},"6":{"start":{"line":10,"column":4},"end":{"line":10,"column":27}},"7":{"start":{"line":14,"column":19},"end":{"line":21,"column":1}},"8":{"start":{"line":15,"column":2},"end":{"line":20,"column":3}},"9":{"start":{"line":16,"column":4},"end":{"line":16,"column":35}},"10":{"start":{"line":18,"column":4},"end":{"line":18,"column":23}},"11":{"start":{"line":19,"column":4},"end":{"line":19,"column":27}},"12":{"start":{"line":24,"column":23},"end":{"line":35,"column":1}},"13":{"start":{"line":25,"column":2},"end":{"line":34,"column":3}},"14":{"start":{"line":26,"column":4},"end":{"line":26,"column":64}},"15":{"start":{"line":28,"column":4},"end":{"line":33,"column":5}},"16":{"start":{"line":29,"column":6},"end":{"line":29,"column":63}},"17":{"start":{"line":31,"column":6},"end":{"line":31,"column":25}},"18":{"start":{"line":32,"column":6},"end":{"line":32,"column":29}},"19":{"start":{"line":37,"column":0},"end":{"line":41,"column":2}}},"fnMap":{"0":{"name":"(anonymous_0)","decl":{"start":{"line":5,"column":16},"end":{"line":5,"column":17}},"loc":{"start":{"line":5,"column":28},"end":{"line":12,"column":1}},"line":5},"1":{"name":"(anonymous_1)","decl":{"start":{"line":14,"column":19},"end":{"line":14,"column":20}},"loc":{"start":{"line":14,"column":31},"end":{"line":21,"column":1}},"line":14},"2":{"name":"(anonymous_2)","decl":{"start":{"line":24,"column":23},"end":{"line":24,"column":24}},"loc":{"start":{"line":24,"column":49},"end":{"line":35,"column":1}},"line":24}},"branchMap":{"0":{"loc":{"start":{"line":28,"column":4},"end":{"line":33,"column":5}},"type":"if","locations":[{"start":{"line":28,"column":4},"end":{"line":33,"column":5}},{"start":{"line":28,"column":4},"end":{"line":33,"column":5}}],"line":28}},"s":{"0":3,"1":3,"2":3,"3":2,"4":2,"5":0,"6":0,"7":3,"8":2,"9":2,"10":0,"11":0,"12":3,"13":2,"14":2,"15":0,"16":0,"17":0,"18":0,"19":3},"f":{"0":2,"1":2,"2":2},"b":{"0":[0,0]},"_coverageSchema":"1a1c01bbd47fc00a2c39e90264f33305004495a9","hash":"b01419658fd70f4119296a9791d589fe3a3cb526"}
,"/Users/ronnie/Workspace/employed/routes/index.js": {"path":"/Users/ronnie/Workspace/employed/routes/index.js","statementMap":{"0":{"start":{"line":1,"column":15},"end":{"line":1,"column":42}},"1":{"start":{"line":3,"column":20},"end":{"line":3,"column":49}},"2":{"start":{"line":4,"column":19},"end":{"line":4,"column":64}},"3":{"start":{"line":6,"column":0},"end":{"line":11,"column":3}},"4":{"start":{"line":7,"column":2},"end":{"line":10,"column":5}},"5":{"start":{"line":13,"column":0},"end":{"line":13,"column":52}},"6":{"start":{"line":14,"column":0},"end":{"line":14,"column":52}},"7":{"start":{"line":15,"column":0},"end":{"line":15,"column":56}},"8":{"start":{"line":16,"column":0},"end":{"line":16,"column":72}},"9":{"start":{"line":17,"column":0},"end":{"line":17,"column":62}},"10":{"start":{"line":18,"column":0},"end":{"line":18,"column":57}},"11":{"start":{"line":20,"column":0},"end":{"line":20,"column":24}}},"fnMap":{"0":{"name":"(anonymous_0)","decl":{"start":{"line":6,"column":16},"end":{"line":6,"column":17}},"loc":{"start":{"line":6,"column":30},"end":{"line":11,"column":1}},"line":6}},"branchMap":{},"s":{"0":3,"1":3,"2":3,"3":3,"4":1,"5":3,"6":3,"7":3,"8":3,"9":3,"10":3,"11":3},"f":{"0":1},"b":{},"_coverageSchema":"1a1c01bbd47fc00a2c39e90264f33305004495a9","hash":"1689ab3eaf424242e2d4930cc1be470c8dcce84a"}
,"/Users/ronnie/Workspace/employed/routes/jwt.token.verify.js": {"path":"/Users/ronnie/Workspace/employed/routes/jwt.token.verify.js","statementMap":{"0":{"start":{"line":1,"column":12},"end":{"line":1,"column":35}},"1":{"start":{"line":3,"column":20},"end":{"line":16,"column":1}},"2":{"start":{"line":4,"column":16},"end":{"line":4,"column":40}},"3":{"start":{"line":5,"column":2},"end":{"line":7,"column":3}},"4":{"start":{"line":6,"column":4},"end":{"line":6,"column":69}},"5":{"start":{"line":9,"column":2},"end":{"line":14,"column":3}},"6":{"start":{"line":10,"column":22},"end":{"line":10,"column":63}},"7":{"start":{"line":11,"column":4},"end":{"line":11,"column":25}},"8":{"start":{"line":13,"column":4},"end":{"line":13,"column":86}},"9":{"start":{"line":15,"column":2},"end":{"line":15,"column":9}},"10":{"start":{"line":18,"column":0},"end":{"line":18,"column":29}}},"fnMap":{"0":{"name":"(anonymous_0)","decl":{"start":{"line":3,"column":20},"end":{"line":3,"column":21}},"loc":{"start":{"line":3,"column":40},"end":{"line":16,"column":1}},"line":3}},"branchMap":{"0":{"loc":{"start":{"line":5,"column":2},"end":{"line":7,"column":3}},"type":"if","locations":[{"start":{"line":5,"column":2},"end":{"line":7,"column":3}},{"start":{"line":5,"column":2},"end":{"line":7,"column":3}}],"line":5}},"s":{"0":3,"1":3,"2":1,"3":1,"4":0,"5":1,"6":1,"7":1,"8":0,"9":1,"10":3},"f":{"0":1},"b":{"0":[0,1]},"_coverageSchema":"1a1c01bbd47fc00a2c39e90264f33305004495a9","hash":"eeeee203fda5100a5dc7f0ba1074add4f15a0bd8"}
}
