TN:
SF:app.js
FN:12,(anonymous_0)
FNF:1
FNH:1
FNDA:1,(anonymous_0)
DA:1,3
DA:2,3
DA:4,3
DA:6,3
DA:8,3
DA:10,3
DA:12,3
DA:13,1
DA:16,3
LF:9
LH:9
BRF:0
BRH:0
end_of_record
TN:
SF:controllers/employee.controller.js
FN:16,(anonymous_0)
FN:40,(anonymous_1)
FN:53,(anonymous_2)
FN:66,(anonymous_3)
FN:86,(anonymous_4)
FN:99,(anonymous_5)
FNF:6
FNH:6
FNDA:6,(anonymous_0)
FNDA:1,(anonymous_1)
FNDA:3,(anonymous_2)
FNDA:1,(anonymous_3)
FNDA:2,(anonymous_4)
FNDA:3,(anonymous_5)
DA:1,3
DA:2,3
DA:3,3
DA:4,3
DA:6,3
DA:8,3
DA:16,3
DA:17,6
DA:18,6
DA:19,6
DA:20,0
DA:22,6
DA:25,6
DA:26,0
DA:29,6
DA:30,6
DA:31,6
DA:32,6
DA:33,6
DA:35,0
DA:36,0
DA:40,3
DA:41,1
DA:42,1
DA:43,1
DA:44,1
DA:46,0
DA:49,0
DA:53,3
DA:54,3
DA:55,3
DA:56,3
DA:57,2
DA:59,1
DA:62,0
DA:66,3
DA:67,1
DA:68,1
DA:75,1
DA:76,1
DA:78,0
DA:82,0
DA:86,3
DA:87,2
DA:88,2
DA:89,2
DA:90,1
DA:92,1
DA:95,0
DA:99,3
DA:100,3
DA:101,3
DA:102,3
DA:103,0
DA:105,3
DA:108,3
DA:109,0
DA:112,3
DA:113,3
DA:114,1
DA:116,2
DA:119,2
DA:120,2
DA:122,0
DA:126,3
LF:65
LH:52
BRDA:19,0,0,0
BRDA:19,0,1,6
BRDA:25,1,0,0
BRDA:25,1,1,6
BRDA:43,2,0,1
BRDA:43,2,1,0
BRDA:43,3,0,1
BRDA:43,3,1,1
BRDA:56,4,0,2
BRDA:56,4,1,1
BRDA:75,5,0,1
BRDA:75,5,1,0
BRDA:89,6,0,1
BRDA:89,6,1,1
BRDA:102,7,0,0
BRDA:102,7,1,3
BRDA:108,8,0,0
BRDA:108,8,1,3
BRDA:113,9,0,1
BRDA:113,9,1,2
BRF:20
BRH:14
end_of_record
TN:
SF:models/employee.model.js
FNF:0
FNH:0
DA:1,3
DA:4,3
DA:31,3
DA:32,3
DA:34,3
LF:5
LH:5
BRF:0
BRH:0
end_of_record
TN:
SF:mongodb/mongodb.utils.js
FN:5,(anonymous_0)
FN:14,(anonymous_1)
FN:24,(anonymous_2)
FNF:3
FNH:3
FNDA:2,(anonymous_0)
FNDA:2,(anonymous_1)
FNDA:2,(anonymous_2)
DA:1,3
DA:3,3
DA:5,3
DA:6,2
DA:7,2
DA:9,0
DA:10,0
DA:14,3
DA:15,2
DA:16,2
DA:18,0
DA:19,0
DA:24,3
DA:25,2
DA:26,2
DA:28,0
DA:29,0
DA:31,0
DA:32,0
DA:37,3
LF:20
LH:12
BRDA:28,0,0,0
BRDA:28,0,1,0
BRF:2
BRH:0
end_of_record
TN:
SF:routes/index.js
FN:6,(anonymous_0)
FNF:1
FNH:1
FNDA:1,(anonymous_0)
DA:1,3
DA:3,3
DA:4,3
DA:6,3
DA:7,1
DA:13,3
DA:14,3
DA:15,3
DA:16,3
DA:17,3
DA:18,3
DA:20,3
LF:12
LH:12
BRF:0
BRH:0
end_of_record
TN:
SF:routes/jwt.token.verify.js
FN:3,(anonymous_0)
FNF:1
FNH:1
FNDA:1,(anonymous_0)
DA:1,3
DA:3,3
DA:4,1
DA:5,1
DA:6,0
DA:9,1
DA:10,1
DA:11,1
DA:13,0
DA:15,1
DA:18,3
LF:11
LH:9
BRDA:5,0,0,0
BRDA:5,0,1,1
BRF:2
BRH:1
end_of_record
