TN:
SF:controllers/employee.controller.js
FN:16,(anonymous_0)
FN:40,(anonymous_1)
FN:53,(anonymous_2)
FN:66,(anonymous_3)
FN:86,(anonymous_4)
FN:99,(anonymous_5)
FNF:6
FNH:6
FNDA:3,(anonymous_0)
FNDA:3,(anonymous_1)
FNDA:3,(anonymous_2)
FNDA:3,(anonymous_3)
FNDA:3,(anonymous_4)
FNDA:4,(anonymous_5)
DA:1,6
DA:2,6
DA:3,6
DA:4,6
DA:6,6
DA:8,6
DA:16,6
DA:17,3
DA:18,3
DA:19,3
DA:20,0
DA:22,3
DA:25,3
DA:26,1
DA:29,2
DA:30,2
DA:31,2
DA:32,2
DA:33,1
DA:35,1
DA:36,1
DA:40,6
DA:41,3
DA:42,3
DA:43,2
DA:44,1
DA:46,1
DA:49,1
DA:53,6
DA:54,3
DA:55,3
DA:56,2
DA:57,1
DA:59,1
DA:62,1
DA:66,6
DA:67,3
DA:68,3
DA:75,2
DA:76,1
DA:78,1
DA:82,1
DA:86,6
DA:87,3
DA:88,3
DA:89,2
DA:90,1
DA:92,1
DA:95,1
DA:99,6
DA:100,4
DA:101,4
DA:102,4
DA:103,0
DA:105,4
DA:108,4
DA:109,1
DA:112,3
DA:113,2
DA:114,0
DA:116,2
DA:119,1
DA:120,1
DA:122,2
DA:126,6
LF:65
LH:62
BRDA:19,0,0,0
BRDA:19,0,1,3
BRDA:25,1,0,1
BRDA:25,1,1,2
BRDA:43,2,0,1
BRDA:43,2,1,1
BRDA:43,3,0,2
BRDA:43,3,1,1
BRDA:56,4,0,1
BRDA:56,4,1,1
BRDA:75,5,0,1
BRDA:75,5,1,1
BRDA:89,6,0,1
BRDA:89,6,1,1
BRDA:102,7,0,0
BRDA:102,7,1,4
BRDA:108,8,0,1
BRDA:108,8,1,3
BRDA:113,9,0,0
BRDA:113,9,1,2
BRF:20
BRH:17
end_of_record
TN:
SF:models/employee.model.js
FNF:0
FNH:0
DA:1,6
DA:4,6
DA:31,6
DA:32,6
DA:34,6
LF:5
LH:5
BRF:0
BRH:0
end_of_record
